<?xml version="1.0" encoding="UTF-8"?>
<testng-results ignored="0" total="2" passed="1" failed="1" skipped="0">
  <reporter-output>
  </reporter-output>
  <suite started-at="2024-02-27T10:06:23 IST" name="Default suite" finished-at="2024-02-27T10:06:26 IST" duration-ms="2985">
    <groups>
    </groups>
    <test started-at="2024-02-27T10:06:23 IST" name="Default test" finished-at="2024-02-27T10:06:26 IST" duration-ms="2985">
      <class name="com.qatouch.apitestsync.GoogleTest">
        <test-method is-config="true" signature="openBrowser()[pri:0, instance:com.qatouch.apitestsync.GoogleTest@33bc72d1]" started-at="2024-02-27T10:06:10 IST" name="openBrowser" finished-at="2024-02-27T10:06:23 IST" duration-ms="12954" status="PASS">
          <reporter-output>
          </reporter-output>
        </test-method> <!-- openBrowser -->
        <test-method signature="isSearchExist()[pri:0, instance:com.qatouch.apitestsync.GoogleTest@33bc72d1]" started-at="2024-02-27T10:06:24 IST" name="isSearchExist" finished-at="2024-02-27T10:06:24 IST" duration-ms="82" status="PASS">
          <reporter-output>
          </reporter-output>
        </test-method> <!-- isSearchExist -->
        <test-method is-config="true" signature="addResultForTestCase(org.testng.ITestResult)[pri:0, instance:com.qatouch.apitestsync.GoogleTest@33bc72d1]" started-at="2024-02-27T10:06:24 IST" name="addResultForTestCase" finished-at="2024-02-27T10:06:25 IST" duration-ms="1159" status="PASS">
          <params>
            <param index="0">
              <value>
                <![CDATA[[TestResult name=isSearchExist status=SUCCESS method=GoogleTest.isSearchExist()[pri:0, instance:com.qatouch.apitestsync.GoogleTest@33bc72d1] output={null}]]]>
              </value>
            </param>
          </params>
          <reporter-output>
          </reporter-output>
        </test-method> <!-- addResultForTestCase -->
        <test-method signature="titleTest()[pri:0, instance:com.qatouch.apitestsync.GoogleTest@33bc72d1]" started-at="2024-02-27T10:06:25 IST" name="titleTest" finished-at="2024-02-27T10:06:25 IST" duration-ms="534" status="FAIL">
          <exception class="java.lang.AssertionError">
            <message>
              <![CDATA[expected:<Google> but was:<Googlet>]]>
            </message>
            <full-stacktrace>
              <![CDATA[java.lang.AssertionError: expected:<Google> but was:<Googlet>
at org.testng.AssertJUnit.assertEquals(AssertJUnit.java:115)
at org.testng.AssertJUnit.assertEquals(AssertJUnit.java:125)
at com.qatouch.apitestsync.GoogleTest.titleTest(GoogleTest.java:51)
at java.base/jdk.internal.reflect.NativeMethodAccessorImpl.invoke0(Native Method)
at java.base/jdk.internal.reflect.NativeMethodAccessorImpl.invoke(NativeMethodAccessorImpl.java:77)
at java.base/jdk.internal.reflect.DelegatingMethodAccessorImpl.invoke(DelegatingMethodAccessorImpl.java:43)
at java.base/java.lang.reflect.Method.invoke(Method.java:568)
at org.testng.internal.invokers.MethodInvocationHelper.invokeMethod(MethodInvocationHelper.java:139)
at org.testng.internal.invokers.TestInvoker.invokeMethod(TestInvoker.java:664)
at org.testng.internal.invokers.TestInvoker.invokeTestMethod(TestInvoker.java:227)
at org.testng.internal.invokers.MethodRunner.runInSequence(MethodRunner.java:50)
at org.testng.internal.invokers.TestInvoker$MethodInvocationAgent.invoke(TestInvoker.java:957)
at org.testng.internal.invokers.TestInvoker.invokeTestMethods(TestInvoker.java:200)
at org.testng.internal.invokers.TestMethodWorker.invokeTestMethods(TestMethodWorker.java:148)
at org.testng.internal.invokers.TestMethodWorker.run(TestMethodWorker.java:128)
at java.base/java.util.ArrayList.forEach(ArrayList.java:1511)
at org.testng.TestRunner.privateRun(TestRunner.java:848)
at org.testng.TestRunner.run(TestRunner.java:621)
at org.testng.SuiteRunner.runTest(SuiteRunner.java:443)
at org.testng.SuiteRunner.runSequentially(SuiteRunner.java:437)
at org.testng.SuiteRunner.privateRun(SuiteRunner.java:397)
at org.testng.SuiteRunner.run(SuiteRunner.java:336)
at org.testng.SuiteRunnerWorker.runSuite(SuiteRunnerWorker.java:52)
at org.testng.SuiteRunnerWorker.run(SuiteRunnerWorker.java:95)
at org.testng.TestNG.runSuitesSequentially(TestNG.java:1280)
at org.testng.TestNG.runSuitesLocally(TestNG.java:1200)
at org.testng.TestNG.runSuites(TestNG.java:1114)
at org.testng.TestNG.run(TestNG.java:1082)
at org.testng.remote.AbstractRemoteTestNG.run(AbstractRemoteTestNG.java:115)
at org.testng.remote.RemoteTestNG.initAndRun(RemoteTestNG.java:251)
at org.testng.remote.RemoteTestNG.main(RemoteTestNG.java:77)
]]>
            </full-stacktrace>
          </exception> <!-- java.lang.AssertionError -->
          <reporter-output>
          </reporter-output>
        </test-method> <!-- titleTest -->
        <test-method is-config="true" signature="addResultForTestCase(org.testng.ITestResult)[pri:0, instance:com.qatouch.apitestsync.GoogleTest@33bc72d1]" started-at="2024-02-27T10:06:25 IST" name="addResultForTestCase" finished-at="2024-02-27T10:06:26 IST" duration-ms="290" status="PASS">
          <params>
            <param index="0">
              <value>
                <![CDATA[[TestResult name=titleTest status=FAILURE method=GoogleTest.titleTest()[pri:0, instance:com.qatouch.apitestsync.GoogleTest@33bc72d1] output={null}]]]>
              </value>
            </param>
          </params>
          <reporter-output>
          </reporter-output>
        </test-method> <!-- addResultForTestCase -->
        <test-method is-config="true" signature="tearDown()[pri:0, instance:com.qatouch.apitestsync.GoogleTest@33bc72d1]" started-at="2024-02-27T10:06:26 IST" name="tearDown" finished-at="2024-02-27T10:06:26 IST" duration-ms="782" status="PASS">
          <reporter-output>
          </reporter-output>
        </test-method> <!-- tearDown -->
      </class> <!-- com.qatouch.apitestsync.GoogleTest -->
    </test> <!-- Default test -->
  </suite> <!-- Default suite -->
</testng-results>
